<?xml version="1.0" encoding="UTF-8"?>
<testng-results ignored="0" total="1" passed="1" failed="0" skipped="0">
  <reporter-output>
  </reporter-output>
  <suite started-at="2022-11-12T20:38:56 IST" name="Suite" finished-at="2022-11-12T20:39:04 IST" duration-ms="7788">
    <groups>
    </groups>
    <test started-at="2022-11-12T20:38:56 IST" name="Test" finished-at="2022-11-12T20:39:04 IST" duration-ms="7788">
      <class name="PageObjectModel1.POMobjects">
        <test-method signature="opengoogle()[pri:0, instance:PageObjectModel1.POMobjects@576d5deb]" started-at="2022-11-12T20:38:56 IST" name="opengoogle" finished-at="2022-11-12T20:39:04 IST" duration-ms="7742" status="PASS">
          <reporter-output>
          </reporter-output>
        </test-method> <!-- opengoogle -->
      </class> <!-- PageObjectModel1.POMobjects -->
    </test> <!-- Test -->
  </suite> <!-- Suite -->
</testng-results>
